What Project/Application/proguard-rules.pro
# This is a configuration file for ProGuard.

#####fixing proguard errors############
-keep class clarifai2.** { *; }
-dontwarn clarifai2.**

-keep class okio.** { *; }
-dontwarn okio.**