What Project/Application/build/outputs/mapping/release/seeds.txt
com.example.android.camera2basic.AutoFitTextureView
com.example.android.camera2basic.AutoFitTextureView: AutoFitTextureView(android.content.Context)
com.example.android.camera2basic.AutoFitTextureView: AutoFitTextureView(android.content.Context,android.util.AttributeSet)
com.example.android.camera2basic.AutoFitTextureView: AutoFitTextureView(android.content.Context,android.util.AttributeSet,int)
com.example.android.camera2basic.CameraActivity
com.example.android.camera2basic.CameraActivity: CameraActivity()
com.example.android.camera2basic.R$anim: int abc_fade_in
com.example.android.camera2basic.R$anim: int abc_fade_out
com.example.android.camera2basic.R$anim: int abc_grow_fade_in_from_bottom
com.example.android.camera2basic.R$anim: int abc_popup_enter
com.example.android.camera2basic.R$anim: int abc_popup_exit
com.example.android.camera2basic.R$anim: int abc_shrink_fade_out_from_bottom
com.example.android.camera2basic.R$anim: int abc_slide_in_bottom
com.example.android.camera2basic.R$anim: int abc_slide_in_top
com.example.android.camera2basic.R$anim: int abc_slide_out_bottom
com.example.android.camera2basic.R$anim: int abc_slide_out_top
com.example.android.camera2basic.R$anim: int abc_tooltip_enter
com.example.android.camera2basic.R$anim: int abc_tooltip_exit
com.example.android.camera2basic.R$attr: int actionBarDivider
com.example.android.camera2basic.R$attr: int actionBarItemBackground
com.example.android.camera2basic.R$attr: int actionBarPopupTheme
com.example.android.camera2basic.R$attr: int actionBarSize
com.example.android.camera2basic.R$attr: int actionBarSplitStyle
com.example.android.camera2basic.R$attr: int actionBarStyle
com.example.android.camera2basic.R$attr: int actionBarTabBarStyle
com.example.android.camera2basic.R$attr: int actionBarTabStyle
com.example.android.camera2basic.R$attr: int actionBarTabTextStyle
com.example.android.camera2basic.R$attr: int actionBarTheme
com.example.android.camera2basic.R$attr: int actionBarWidgetTheme
com.example.android.camera2basic.R$attr: int actionButtonStyle
com.example.android.camera2basic.R$attr: int actionDropDownStyle
com.example.android.camera2basic.R$attr: int actionLayout
com.example.android.camera2basic.R$attr: int actionMenuTextAppearance
com.example.android.camera2basic.R$attr: int actionMenuTextColor
com.example.android.camera2basic.R$attr: int actionModeBackground
com.example.android.camera2basic.R$attr: int actionModeCloseButtonStyle
com.example.android.camera2basic.R$attr: int actionModeCloseDrawable
com.example.android.camera2basic.R$attr: int actionModeCopyDrawable
com.example.android.camera2basic.R$attr: int actionModeCutDrawable
com.example.android.camera2basic.R$attr: int actionModeFindDrawable
com.example.android.camera2basic.R$bool: int abc_action_bar_embed_tabs
com.example.android.camera2basic.R$bool: int abc_allow_stacked_button_bar
com.example.android.camera2basic.R$bool: int abc_config_actionMenuItemAllCaps
com.example.android.camera2basic.R$bool: int abc_config_showMenuShortcutsWhenKeyboardPresent
...
clarifai2.api.request.concept.AddConceptsRequest$1$1
clarifai2.api.request.concept.AddConceptsRequest$1$1: clarifai2.api.request.concept.AddConceptsRequest$1 this$1
clarifai2.api.request.concept.AddConceptsRequest$1$1: AddConceptsRequest$1$1(clarifai2.api.request.concept.AddConceptsRequest$1)
clarifai2.api.request.concept.AddConceptsRequest$1$1: com.google.gson.JsonElement call(clarifai2.dto.prediction.Concept)
clarifai2.api.request.concept.AddConceptsRequest$1$1: java.lang.Object call(java.lang.Object)
clarifai2.api.request.concept.AddConceptsRequest$1$2
clarifai2.api.request.concept.AddConceptsRequest$1$2: clarifai2.api.request.concept.AddConceptsRequest$1 this$1
clarifai2.api.request.concept.AddConceptsRequest$1$2: AddConceptsRequest$1$2(clarifai2.api.request.concept.AddConceptsRequest$1)
clarifai2.api.request.concept.AddConceptsRequest$1$2: com.google.gson.JsonNull fromJSON(com.google.gson.Gson,com.google.gson.JsonElement)
clarifai2.api.request.concept.AddConceptsRequest$1$2: java.lang.Object fromJSON(com.google.gson.Gson,com.google.gson.JsonElement)
clarifai2.api.request.concept.GetConceptByIDRequest
clarifai2.api.request.concept.GetConceptByIDRequest: java.lang.String conceptID
clarifai2.api.request.concept.GetConceptByIDRequest: GetConceptByIDRequest(clarifai2.api.BaseClarifaiClient,java.lang.String)
clarifai2.api.request.concept.GetConceptByIDRequest: clarifai2.api.request.ClarifaiRequest$DeserializedRequest request()
clarifai2.api.request.concept.GetConceptByIDRequest: java.lang.String access$000(clarifai2.api.request.concept.GetConceptByIDRequest)
clarifai2.api.request.concept.GetConceptByIDRequest: okhttp3.Request access$100(clarifai2.api.request.concept.GetConceptByIDRequest,java.lang.String)
clarifai2.api.request.concept.GetConceptByIDRequest$1
clarifai2.api.request.concept.GetConceptByIDRequest$1: clarifai2.api.request.concept.GetConceptByIDRequest this$0
clarifai2.api.request.concept.GetConceptByIDRequest$1: GetConceptByIDRequest$1(clarifai2.api.request.concept.GetConceptByIDRequest)
clarifai2.api.request.concept.GetConceptByIDRequest$1: okhttp3.Request httpRequest()
clarifai2.api.request.concept.GetConceptByIDRequest$1: clarifai2.internal.JSONUnmarshaler unmarshaler()
clarifai2.api.request.concept.GetConceptByIDRequest$1$1
clarifai2.api.request.concept.GetConceptByIDRequest$1$1: clarifai2.api.request.concept.GetConceptByIDRequest$1 this$1
clarifai2.api.request.concept.GetConceptByIDRequest$1$1: GetConceptByIDRequest$1$1(clarifai2.api.request.concept.GetConceptByIDRequest$1)
clarifai2.api.request.concept.GetConceptByIDRequest$1$1: clarifai2.dto.prediction.Concept fromJSON(com.google.gson.Gson,com.google.gson.JsonElement)
clarifai2.api.request.concept.GetConceptByIDRequest$1$1: java.lang.Object fromJSON(com.google.gson.Gson,com.google.gson.JsonElement)
clarifai2.api.request.concept.GetConceptsRequest
clarifai2.api.request.concept.GetConceptsRequest: GetConceptsRequest(clarifai2.api.BaseClarifaiClient)
clarifai2.api.request.concept.GetConceptsRequest: clarifai2.internal.JSONUnmarshaler unmarshaler()
clarifai2.api.request.concept.GetConceptsRequest: okhttp3.Request buildRequest(int)
clarifai2.api.request.concept.GetConceptsRequest$1
clarifai2.api.request.concept.GetConceptsRequest$1: clarifai2.api.request.concept.GetConceptsRequest this$0
clarifai2.api.request.concept.GetConceptsRequest$1: GetConceptsRequest$1(clarifai2.api.request.concept.GetConceptsRequest)
clarifai2.api.request.concept.GetConceptsRequest$1: java.util.List fromJSON(com.google.gson.Gson,com.google.gson.JsonElement)
clarifai2.api.request.concept.GetConceptsRequest$1: java.lang.Object fromJSON(com.google.gson.Gson,com.google.gson.JsonElement)
clarifai2.api.request.concept.GetConceptsRequest$1$1
clarifai2.api.request.concept.GetConceptsRequest$1$1: clarifai2.api.request.concept.GetConceptsRequest$1 this$1
clarifai2.api.request.concept.GetConceptsRequest$1$1: GetConceptsRequest$1$1(clarifai2.api.request.concept.GetConceptsRequest$1)