What Project/Application/build/outputs/mapping/release/usage.txt
com.example.android.camera2basic.BuildConfig
com.example.android.camera2basic.Camera2BasicFragment:
    private static final int REQUEST_CAMERA_PERMISSION
    private static final java.lang.String FRAGMENT_DIALOG
    private static final java.lang.String TAG
    private static final int STATE_PREVIEW
    private static final int STATE_WAITING_LOCK
    private static final int STATE_WAITING_PRECAPTURE
    private static final int STATE_WAITING_NON_PRECAPTURE
    private static final int STATE_PICTURE_TAKEN
    private static final int MAX_PREVIEW_WIDTH
    private static final int MAX_PREVIEW_HEIGHT
com.example.android.camera2basic.Camera2BasicFragment$ErrorDialog:
    private static final java.lang.String ARG_MESSAGE
com.example.android.camera2basic.R
com.example.android.camera2basic.R$anim
com.example.android.camera2basic.R$attr
com.example.android.camera2basic.R$bool
com.example.android.camera2basic.R$color
com.example.android.camera2basic.R$dimen
com.example.android.camera2basic.R$drawable
com.example.android.camera2basic.R$id
com.example.android.camera2basic.R$integer
com.example.android.camera2basic.R$layout
com.example.android.camera2basic.R$string
com.example.android.camera2basic.R$style
com.example.android.camera2basic.R$styleable
...
com.google.gson.internal.$Gson$Types$GenericArrayTypeImpl:
    private static final long serialVersionUID
com.google.gson.internal.$Gson$Types$ParameterizedTypeImpl:
    private static final long serialVersionUID
com.google.gson.internal.$Gson$Types$WildcardTypeImpl:
    private static final long serialVersionUID
com.google.gson.internal.Excluder:
    private static final double IGNORE_VERSIONS
    70:72:public com.google.gson.internal.Excluder withVersion(double)
    76:81:public varargs com.google.gson.internal.Excluder withModifiers(int[])
    85:87:public com.google.gson.internal.Excluder disableInnerClassSerialization()
    91:93:public com.google.gson.internal.Excluder excludeFieldsWithoutExposeAnnotation()
    98:108:public com.google.gson.internal.Excluder withExclusionStrategy(com.google.gson.ExclusionStrategy,boolean,boolean)
com.google.gson.internal.LazilyParsedNumber:
    77:77:private java.lang.Object writeReplace()
com.google.gson.internal.LinkedHashTreeMap
com.google.gson.internal.LinkedHashTreeMap$1
com.google.gson.internal.LinkedHashTreeMap$AvlBuilder
com.google.gson.internal.LinkedHashTreeMap$AvlIterator
com.google.gson.internal.LinkedHashTreeMap$EntrySet
com.google.gson.internal.LinkedHashTreeMap$EntrySet$1
com.google.gson.internal.LinkedHashTreeMap$KeySet
com.google.gson.internal.LinkedHashTreeMap$KeySet$1
com.google.gson.internal.LinkedHashTreeMap$LinkedTreeMapIterator
com.google.gson.internal.LinkedHashTreeMap$Node
com.google.gson.internal.LinkedTreeMap:
    628:628:private java.lang.Object writeReplace()
com.google.gson.internal.Primitives:
    32:33:private Primitives()
    82:83:public static boolean isWrapperType(java.lang.reflect.Type)
    115:117:public static java.lang.Class unwrap(java.lang.Class)
com.google.gson.internal.Streams:
    36:37:private Streams()
com.google.gson.internal.bind.JsonTreeWriter:
    171:175:public com.google.gson.stream.JsonWriter value(double)
com.google.gson.internal.bind.TreeTypeAdapter:
    116:116:public static com.google.gson.TypeAdapterFactory newTypeHierarchyFactory(java.lang.Class,java.lang.Object)
    41:41:static synthetic com.google.gson.Gson access$100(com.google.gson.internal.bind.TreeTypeAdapter)
com.google.gson.internal.bind.TreeTypeAdapter$GsonContextImpl:
    155:155:public com.google.gson.JsonElement serialize(java.lang.Object)
    158:158:public com.google.gson.JsonElement serialize(java.lang.Object,java.lang.reflect.Type)
    162:162:public java.lang.Object deserialize(com.google.gson.JsonElement,java.lang.reflect.Type)
com.google.gson.internal.bind.TypeAdapters:
    64:65:private TypeAdapters()
com.google.gson.internal.bind.TypeAdapters$27:
    private static final java.lang.String YEAR
    private static final java.lang.String MONTH
    private static final java.lang.String DAY_OF_MONTH
    private static final java.lang.String HOUR_OF_DAY
    private static final java.lang.String MINUTE
    private static final java.lang.String SECOND
com.google.gson.internal.bind.util.ISO8601Utils:
    private static final java.lang.String UTC_ID
    17:17:public ISO8601Utils()
    45:45:public static java.lang.String format(java.util.Date)
    56:56:public static java.lang.String format(java.util.Date,boolean)
    68:105:public static java.lang.String format(java.util.Date,boolean,java.util.TimeZone)
    334:339:private static void padInt(java.lang.StringBuilder,int,int)